The chromedriver version (114.0.5735.90) detected in PATH at C:\Users\rafael.luna\Desktop\docs pessoais\Projects\BotBlaze\BotBlaze\chromedriver.exe might not be compatible with the detected chrome version (117.0.5938.134); currently, chromedriver 117.0.5938.149 is recommended for chrome 117.*, so it is advised to delete the driver in PATH and retry
Traceback (most recent call last):
  File "c:\Users\rafael.luna\Desktop\docs pessoais\Projects\BotBlaze\BotBlaze\Scripts\Bot_v2.py", line 127, in <module>
    driver = driver_class()
             ^^^^^^^^^^^^^^
  File "c:\Users\rafael.luna\Desktop\docs pessoais\Projects\BotBlaze\BotBlaze\Scripts\BlazeFunctions\chromeFunctions.py", line 14, in __init__
    self.driver = webdriver.Chrome(service=chrome_service, options=ChromeOptions)
                  ^^^^^^^^^^^^^^^^^^^^^^^^^^^^^^^^^^^^^^^^^^^^^^^^^^^^^^^^^^^^^^^
  File "C:\Users\rafael.luna\AppData\Local\anaconda3\envs\BotBlaze\Lib\site-packages\selenium\webdriver\chrome\webdriver.py", line 45, in __init__
    super().__init__(
  File "C:\Users\rafael.luna\AppData\Local\anaconda3\envs\BotBlaze\Lib\site-packages\selenium\webdriver\chromium\webdriver.py", line 56, in __init__
    super().__init__(
  File "C:\Users\rafael.luna\AppData\Local\anaconda3\envs\BotBlaze\Lib\site-packages\selenium\webdriver\remote\webdriver.py", line 205, in __init__
    self.start_session(capabilities)
  File "C:\Users\rafael.luna\AppData\Local\anaconda3\envs\BotBlaze\Lib\site-packages\selenium\webdriver\remote\webdriver.py", line 289, in start_session
    response = self.execute(Command.NEW_SESSION, caps)["value"]
               ^^^^^^^^^^^^^^^^^^^^^^^^^^^^^^^^^^^^^^^
  File "C:\Users\rafael.luna\AppData\Local\anaconda3\envs\BotBlaze\Lib\site-packages\selenium\webdriver\remote\webdriver.py", line 344, in execute
    self.error_handler.check_response(response)
  File "C:\Users\rafael.luna\AppData\Local\anaconda3\envs\BotBlaze\Lib\site-packages\selenium\webdriver\remote\errorhandler.py", line 229, in check_response
    raise exception_class(message, screen, stacktrace)
selenium.common.exceptions.SessionNotCreatedException: Message: session not created: This version of ChromeDriver only supports Chrome version 114
Current browser version is 117.0.5938.134 with binary path C:\Program Files\Google\Chrome\Application\chrome.exe
Stacktrace:
Backtrace:
	GetHandleVerifier [0x00DCA813+48355]
	(No symbol) [0x00D5C4B1]
	(No symbol) [0x00C65358]
	(No symbol) [0x00C861AC]
	(No symbol) [0x00C81EF3]
	(No symbol) [0x00C80579]
	(No symbol) [0x00CB0C55]
	(No symbol) [0x00CB093C]
	(No symbol) [0x00CAA536]
	(No symbol) [0x00C882DC]
	(No symbol) [0x00C893DD]
	GetHandleVerifier [0x0102AABD+2539405]
	GetHandleVerifier [0x0106A78F+2800735]
	GetHandleVerifier [0x0106456C+2775612]
	GetHandleVerifier [0x00E551E0+616112]
	(No symbol) [0x00D65F8C]
	(No symbol) [0x00D62328]
	(No symbol) [0x00D6240B]
	(No symbol) [0x00D54FF7]
	BaseThreadInitThunk [0x774CFCC9+25]
	RtlGetAppContainerNamedObjectPath [0x77667B1E+286]
	RtlGetAppContainerNamedObjectPath [0x77667AEE+238]

